android/app/build/outputs/logs/manifest-merger-newdemo-release-report.txt
-- Merging decision tree log ---
manifest
ADDED from src\main\AndroidManifest.xml:1:1-61:12
INJECTED from src\main\AndroidManifest.xml:1:1-61:12
INJECTED from src\main\AndroidManifest.xml:1:1-61:12
INJECTED from src\main\AndroidManifest.xml:1:1-61:12
MERGED from [:firebase_messaging] AndroidManifest.xml:2:1-46:12
MERGED from [:firebase_analytics] AndroidManifest.xml:2:1-19:12
MERGED from [:firebase_core] AndroidManifest.xml:2:1-15:12
MERGED from [:flutter_pdfview] AndroidManifest.xml:2:1-7:12
MERGED from [:image_picker] AndroidManifest.xml:2:1-19:12
MERGED from [:flutter_local_notifications] AndroidManifest.xml:2:1-29:12
MERGED from [:file_picker] AndroidManifest.xml:2:1-17:12
MERGED from [:path_provider_android] AndroidManifest.xml:2:1-7:12
MERGED from [:wakelock] AndroidManifest.xml:2:1-7:12
MERGED from [:shared_preferences_android] AndroidManifest.xml:2:1-7:12
MERGED from [:flutter_inappwebview] AndroidManifest.xml:2:1-48:12
MERGED from [:fluttertoast] AndroidManifest.xml:2:1-7:12
MERGED from [:permission_handler] AndroidManifest.xml:2:1-7:12
MERGED from [:video_player_android] AndroidManifest.xml:2:1-7:12
MERGED from [:gallery_saver] AndroidManifest.xml:2:1-7:12
MERGED from [:android_path_provider] AndroidManifest.xml:2:1-7:12
MERGED from [:flutter_plugin_android_lifecycle] AndroidManifest.xml:2:1-7:12
MERGED from [:volume_watcher] AndroidManifest.xml:2:1-7:12
MERGED from [:sqflite] AndroidManifest.xml:2:1-7:12
MERGED from [:url_launcher_android] AndroidManifest.xml:2:1-14:12
MERGED from [:connectivity_plus] AndroidManifest.xml:2:1-9:12
MERGED from [:image_cropper] AndroidManifest.xml:2:1-7:12
MERGED from [:webview_flutter_android] AndroidManifest.xml:2:1-7:12
MERGED from [:video_thumbnail] AndroidManifest.xml:2:1-7:12
MERGED from [com.google.firebase:firebase-analytics-ktx:21.1.1] AndroidManifest.xml:2:1-17:12
MERGED from [androidx.window:window-java:1.0.0-beta04] AndroidManifest.xml:17:1-23:12
MERGED from [androidx.window:window:1.0.0-beta04] AndroidManifest.xml:17:1-33:12
MERGED from [com.github.yalantis:ucrop:2.2.7] AndroidManifest.xml:2:1-11:12
MERGED from [androidx.appcompat:appcompat-resources:1.5.1] AndroidManifest.xml:17:1-22:12
MERGED from [androidx.appcompat:appcompat:1.5.1] AndroidManifest.xml:17:1-22:12
MERGED from [com.github.mhiew:android-pdf-viewer:3.2.0-beta.1] AndroidManifest.xml:2:1-11:12
MERGED from [com.github.barteksc:pdfium-android:1.9.0] AndroidManifest.xml:2:1-11:12
MERGED from [androidx.legacy:legacy-support-v4:1.0.0] AndroidManifest.xml:17:1-22:12
MERGED from [com.google.firebase:firebase-messaging:23.0.8] AndroidManifest.xml:17:1-62:12
MERGED from [com.google.firebase:firebase-common-ktx:20.1.2] AndroidManifest.xml:2:1-21:12
MERGED from [com.google.firebase:firebase-datatransport:18.1.6] AndroidManifest.xml:15:1-34:12
MERGED from [com.google.firebase:firebase-analytics:21.1.1] AndroidManifest.xml:2:1-9:12
MERGED from [com.google.android.gms:play-services-measurement-api:21.1.1] AndroidManifest.xml:17:1-37:12
MERGED from [com.google.firebase:firebase-installations:17.0.3] AndroidManifest.xml:2:1-24:12
MERGED from [com.google.firebase:firebase-common:20.1.2] AndroidManifest.xml:15:1-40:12
MERGED from [com.google.android.gms:play-services-base:18.0.1] AndroidManifest.xml:16:1-24:12
MERGED from [com.google.android.gms:play-services-cloud-messaging:17.0.1] AndroidManifest.xml:2:1-13:12
MERGED from [com.google.firebase:firebase-iid-interop:17.1.0] AndroidManifest.xml:2:1-10:12
MERGED from [com.google.firebase:firebase-installations-interop:17.0.2] AndroidManifest.xml:15:1-23:12
MERGED from [com.google.android.gms:play-services-tasks:18.0.1] AndroidManifest.xml:2:1-6:12
MERGED from [com.google.android.gms:play-services-measurement:21.1.1] AndroidManifest.xml:17:1-46:12
MERGED from [com.google.android.gms:play-services-measurement-sdk:21.1.1] AndroidManifest.xml:17:1-25:12
MERGED from [com.google.android.gms:play-services-measurement-impl:21.1.1] AndroidManifest.xml:17:1-32:12
MERGED from [com.google.android.gms:play-services-stats:17.0.2] AndroidManifest.xml:2:1-9:12
MERGED from [com.google.firebase:firebase-measurement-connector:19.0.0] AndroidManifest.xml:17:1-25:12
MERGED from [com.google.android.gms:play-services-ads-identifier:18.0.0] AndroidManifest.xml:17:1-27:12
MERGED from [com.google.android.gms:play-services-measurement-sdk-api:21.1.1] AndroidManifest.xml:17:1-28:12
MERGED from [com.google.android.gms:play-services-measurement-base:21.1.1] AndroidManifest.xml:2:1-9:12
MERGED from [com.google.android.gms:play-services-basement:18.1.0] AndroidManifest.xml:16:1-26:12
MERGED from [androidx.fragment:fragment:1.3.6] AndroidManifest.xml:17:1-24:12
MERGED from [androidx.activity:activity:1.5.1] AndroidManifest.xml:17:1-24:12
MERGED from [androidx.legacy:legacy-support-core-ui:1.0.0] AndroidManifest.xml:17:1-22:12
MERGED from [androidx.legacy:legacy-support-core-utils:1.0.0] AndroidManifest.xml:17:1-22:12
MERGED from [androidx.loader:loader:1.0.0] AndroidManifest.xml:17:1-22:12
MERGED from [androidx.lifecycle:lifecycle-viewmodel:2.5.1] AndroidManifest.xml:17:1-24:12
MERGED from [androidx.lifecycle:lifecycle-viewmodel-savedstate:2.5.1] AndroidManifest.xml:17:1-24:12
MERGED from [androidx.multidex:multidex:2.0.0] AndroidManifest.xml:17:1-22:12
MERGED from [com.google.android.datatransport:transport-backend-cct:3.1.7] AndroidManifest.xml:15:1-38:12
MERGED from [com.google.android.datatransport:transport-runtime:3.1.7] AndroidManifest.xml:15:1-41:12
MERGED from [com.google.firebase:firebase-encoders-json:18.0.0] AndroidManifest.xml:15:1-23:12
MERGED from [androidx.webkit:webkit:1.5.0] AndroidManifest.xml:17:1-22:12
MERGED from [androidx.browser:browser:1.4.0] AndroidManifest.xml:17:1-24:12
MERGED from [androidx.swiperefreshlayout:swiperefreshlayout:1.1.0] AndroidManifest.xml:17:1-24:12
MERGED from [com.google.android.exoplayer:exoplayer-hls:2.18.1] AndroidManifest.xml:17:1-24:12
MERGED from [com.google.android.exoplayer:exoplayer-dash:2.18.1] AndroidManifest.xml:17:1-24:12
MERGED from [com.google.android.exoplayer:exoplayer-smoothstreaming:2.18.1] AndroidManifest.xml:17:1-24:12
MERGED from [com.google.android.exoplayer:exoplayer-core:2.18.1] AndroidManifest.xml:17:1-26:12
MERGED from [androidx.exifinterface:exifinterface:1.3.2] AndroidManifest.xml:17:1-24:12
MERGED from [androidx.localbroadcastmanager:localbroadcastmanager:1.0.0] AndroidManifest.xml:17:1-22:12
MERGED from [com.google.firebase:firebase-components:17.0.1] AndroidManifest.xml:15:1-23:12
MERGED from [androidx.emoji2:emoji2-views-helper:1.2.0] AndroidManifest.xml:2:1-7:12
MERGED from [androidx.emoji2:emoji2:1.2.0] AndroidManifest.xml:17:1-35:12
MERGED from [androidx.lifecycle:lifecycle-process:2.4.1] AndroidManifest.xml:17:1-37:12
MERGED from [androidx.startup:startup-runtime:1.1.1] AndroidManifest.xml:17:1-33:12
MERGED from [androidx.tracing:tracing:1.0.0] AndroidManifest.xml:17:1-24:12
MERGED from [androidx.media:media:1.1.0] AndroidManifest.xml:17:1-24:12
MERGED from [androidx.core:core-ktx:1.8.0] AndroidManifest.xml:2:1-9:12
MERGED from [androidx.drawerlayout:drawerlayout:1.0.0] AndroidManifest.xml:17:1-22:12
MERGED from [androidx.transition:transition:1.4.1] AndroidManifest.xml:17:1-24:12
MERGED from [androidx.viewpager:viewpager:1.0.0] AndroidManifest.xml:17:1-22:12
MERGED from [androidx.vectordrawable:vectordrawable-animated:1.1.0] AndroidManifest.xml:17:1-24:12
MERGED from [androidx.vectordrawable:vectordrawable:1.1.0] AndroidManifest.xml:17:1-24:12
MERGED from [androidx.coordinatorlayout:coordinatorlayout:1.0.0] AndroidManifest.xml:17:1-22:12
MERGED from [androidx.slidingpanelayout:slidingpanelayout:1.0.0] AndroidManifest.xml:17:1-22:12
MERGED from [androidx.customview:customview:1.0.0] AndroidManifest.xml:17:1-22:12
MERGED from [androidx.asynclayoutinflater:asynclayoutinflater:1.0.0] AndroidManifest.xml:17:1-22:12
MERGED from [androidx.core:core:1.8.0] AndroidManifest.xml:17:1-26:12
MERGED from [androidx.versionedparcelable:versionedparcelable:1.1.1] AndroidManifest.xml:17:1-27:12
MERGED from [androidx.interpolator:interpolator:1.0.0] AndroidManifest.xml:17:1-22:12
MERGED from [androidx.lifecycle:lifecycle-runtime:2.5.1] AndroidManifest.xml:17:1-24:12
MERGED from [androidx.cursoradapter:cursoradapter:1.0.0] AndroidManifest.xml:17:1-22:12
MERGED from [androidx.savedstate:savedstate:1.2.0] AndroidManifest.xml:17:1-24:12
MERGED from [com.google.android.exoplayer:exoplayer-datasource:2.18.1] AndroidManifest.xml:17:1-24:12
MERGED from [com.google.android.exoplayer:exoplayer-extractor:2.18.1] AndroidManifest.xml:17:1-24:12
MERGED from [com.google.android.exoplayer:exoplayer-decoder:2.18.1] AndroidManifest.xml:17:1-24:12
MERGED from [com.google.android.exoplayer:exoplayer-database:2.18.1] AndroidManifest.xml:17:1-24:12
MERGED from [com.google.android.exoplayer:exoplayer-common:2.18.1] AndroidManifest.xml:17:1-26:12
MERGED from [com.google.android.datatransport:transport-api:3.0.0] AndroidManifest.xml:15:1-22:12
MERGED from [androidx.lifecycle:lifecycle-livedata:2.0.0] AndroidManifest.xml:17:1-22:12
MERGED from [androidx.lifecycle:lifecycle-livedata-core:2.5.1] AndroidManifest.xml:17:1-24:12
MERGED from [androidx.arch.core:core-runtime:2.1.0] AndroidManifest.xml:17:1-24:12
MERGED from [androidx.documentfile:documentfile:1.0.0] AndroidManifest.xml:17:1-22:12
MERGED from [androidx.print:print:1.0.0] AndroidManifest.xml:17:1-22:12
MERGED from [com.jakewharton.threetenabp:threetenabp:1.2.3] AndroidManifest.xml:2:1-9:12
MERGED from [androidx.annotation:annotation-experimental:1.1.0] AndroidManifest.xml:17:1-24:12
INJECTED from src\main\AndroidManifest.xml:1:1-61:12
INJECTED from src\main\AndroidManifest.xml:1:1-61:12
INJECTED from src\main\AndroidManifest.xml:1:1-61:12
	package
		ADDED from src\main\AndroidManifest.xml:2:5-39
		INJECTED from src\main\AndroidManifest.xml
		INJECTED from src\main\AndroidManifest.xml
	android:versionName
		INJECTED from src\main\AndroidManifest.xml
		ADDED from src\main\AndroidManifest.xml:1:1-61:12
		INJECTED from src\main\AndroidManifest.xml
	android:versionCode
		INJECTED from src\main\AndroidManifest.xml
		ADDED from src\main\AndroidManifest.xml:1:1-61:12
		INJECTED from src\main\AndroidManifest.xml
	xmlns:android
		ADDED from src\main\AndroidManifest.xml:1:11-69
uses-permission#android.permission.INTERNET
ADDED from src\main\AndroidManifest.xml:4:5-67
MERGED from [:firebase_messaging] AndroidManifest.xml:7:5-67
MERGED from [:firebase_messaging] AndroidManifest.xml:7:5-67
MERGED from [:firebase_analytics] AndroidManifest.xml:8:5-67
MERGED from [:firebase_analytics] AndroidManifest.xml:8:5-67
MERGED from [com.google.android.gms:play-services-measurement-api:21.1.1] AndroidManifest.xml:22:5-67
MERGED from [com.google.android.gms:play-services-measurement-api:21.1.1] AndroidManifest.xml:22:5-67
MERGED from [com.google.firebase:firebase-installations:17.0.3] AndroidManifest.xml:11:5-67
MERGED from [com.google.firebase:firebase-installations:17.0.3] AndroidManifest.xml:11:5-67
MERGED from [com.google.android.gms:play-services-cloud-messaging:17.0.1] AndroidManifest.xml:8:5-67
MERGED from [com.google.android.gms:play-services-cloud-messaging:17.0.1] AndroidManifest.xml:8:5-67
MERGED from [com.google.android.gms:play-services-measurement:21.1.1] AndroidManifest.xml:23:5-67
MERGED from [com.google.android.gms:play-services-measurement:21.1.1] AndroidManifest.xml:23:5-67
MERGED from [com.google.android.gms:play-services-measurement-impl:21.1.1] AndroidManifest.xml:23:5-67
MERGED from [com.google.android.gms:play-services-measurement-impl:21.1.1] AndroidManifest.xml:23:5-67
MERGED from [com.google.android.gms:play-services-measurement-sdk-api:21.1.1] AndroidManifest.xml:23:5-67
MERGED from [com.google.android.gms:play-services-measurement-sdk-api:21.1.1] AndroidManifest.xml:23:5-67
MERGED from [com.google.android.datatransport:transport-backend-cct:3.1.7] AndroidManifest.xml:26:5-67
MERGED from [com.google.android.datatransport:transport-backend-cct:3.1.7] AndroidManifest.xml:26:5-67
	android:name
		ADDED from src\main\AndroidManifest.xml:4:22-64
uses-permission#android.permission.CAMERA
ADDED from src\main\AndroidManifest.xml:5:5-65
	android:name
		ADDED from src\main\AndroidManifest.xml:5:22-62
uses-permission#android.permission.ACCESS_NETWORK_STATE
ADDED from src\main\AndroidManifest.xml:6:5-78
MERGED from [:firebase_messaging] AndroidManifest.xml:9:5-79
MERGED from [:firebase_messaging] AndroidManifest.xml:9:5-79
MERGED from [:firebase_analytics] AndroidManifest.xml:7:5-79
MERGED from [:firebase_analytics] AndroidManifest.xml:7:5-79
MERGED from [:connectivity_plus] AndroidManifest.xml:7:5-79
MERGED from [:connectivity_plus] AndroidManifest.xml:7:5-79
MERGED from [com.google.firebase:firebase-messaging:23.0.8] AndroidManifest.xml:25:5-79
MERGED from [com.google.firebase:firebase-messaging:23.0.8] AndroidManifest.xml:25:5-79
MERGED from [com.google.android.gms:play-services-measurement-api:21.1.1] AndroidManifest.xml:23:5-79
MERGED from [com.google.android.gms:play-services-measurement-api:21.1.1] AndroidManifest.xml:23:5-79
MERGED from [com.google.firebase:firebase-installations:17.0.3] AndroidManifest.xml:10:5-79
MERGED from [com.google.firebase:firebase-installations:17.0.3] AndroidManifest.xml:10:5-79
MERGED from [com.google.android.gms:play-services-cloud-messaging:17.0.1] AndroidManifest.xml:7:5-79
MERGED from [com.google.android.gms:play-services-cloud-messaging:17.0.1] AndroidManifest.xml:7:5-79
MERGED from [com.google.android.gms:play-services-measurement:21.1.1] AndroidManifest.xml:24:5-79
MERGED from [com.google.android.gms:play-services-measurement:21.1.1] AndroidManifest.xml:24:5-79
MERGED from [com.google.android.gms:play-services-measurement-impl:21.1.1] AndroidManifest.xml:24:5-79
MERGED from [com.google.android.gms:play-services-measurement-impl:21.1.1] AndroidManifest.xml:24:5-79
MERGED from [com.google.android.gms:play-services-measurement-sdk-api:21.1.1] AndroidManifest.xml:24:5-79
MERGED from [com.google.android.gms:play-services-measurement-sdk-api:21.1.1] AndroidManifest.xml:24:5-79
MERGED from [com.google.android.datatransport:transport-backend-cct:3.1.7] AndroidManifest.xml:25:5-79
MERGED from [com.google.android.datatransport:transport-backend-cct:3.1.7] AndroidManifest.xml:25:5-79
MERGED from [com.google.android.datatransport:transport-runtime:3.1.7] AndroidManifest.xml:22:5-79
MERGED from [com.google.android.datatransport:transport-runtime:3.1.7] AndroidManifest.xml:22:5-79
MERGED from [com.google.android.exoplayer:exoplayer-core:2.18.1] AndroidManifest.xml:24:5-79
MERGED from [com.google.android.exoplayer:exoplayer-core:2.18.1] AndroidManifest.xml:24:5-79
MERGED from [com.google.android.exoplayer:exoplayer-common:2.18.1] AndroidManifest.xml:24:5-79
MERGED from [com.google.android.exoplayer:exoplayer-common:2.18.1] AndroidManifest.xml:24:5-79
	android:name
		ADDED from src\main\AndroidManifest.xml:6:22-76
uses-permission#android.permission.WRITE_EXTERNAL_STORAGE
ADDED from src\main\AndroidManifest.xml:8:5-81
	android:name
		ADDED from src\main\AndroidManifest.xml:8:22-78
uses-permission#android.permission.REQUEST_INSTALL_PACKAGES
ADDED from src\main\AndroidManifest.xml:9:5-83
	android:name
		ADDED from src\main\AndroidManifest.xml:9:22-80
uses-permission#android.permission.QUERY_ALL_PACKAGES
ADDED from src\main\AndroidManifest.xml:10:5-77
	android:name
		ADDED from src\main\AndroidManifest.xml:10:22-74
uses-permission#android.permission.READ_EXTERNAL_STORAGE
ADDED from src\main\AndroidManifest.xml:11:5-79
MERGED from [:file_picker] AndroidManifest.xml:7:5-80
MERGED from [:file_picker] AndroidManifest.xml:7:5-80
	android:name
		ADDED from src\main\AndroidManifest.xml:11:22-77
application
ADDED from src\main\AndroidManifest.xml:13:5-60:19
MERGED from [:firebase_messaging] AndroidManifest.xml:11:5-44:19
MERGED from [:firebase_messaging] AndroidManifest.xml:11:5-44:19
MERGED from [:firebase_analytics] AndroidManifest.xml:11:5-17:19
MERGED from [:firebase_analytics] AndroidManifest.xml:11:5-17:19
MERGED from [:firebase_core] AndroidManifest.xml:7:5-13:19
MERGED from [:firebase_core] AndroidManifest.xml:7:5-13:19
MERGED from [:image_picker] AndroidManifest.xml:7:5-17:19
MERGED from [:image_picker] AndroidManifest.xml:7:5-17:19
MERGED from [:flutter_local_notifications] AndroidManifest.xml:13:5-27:19
MERGED from [:flutter_local_notifications] AndroidManifest.xml:13:5-27:19
MERGED from [:flutter_inappwebview] AndroidManifest.xml:13:5-46:19
MERGED from [:flutter_inappwebview] AndroidManifest.xml:13:5-46:19
MERGED from [:url_launcher_android] AndroidManifest.xml:7:5-12:19
MERGED from [:url_launcher_android] AndroidManifest.xml:7:5-12:19
MERGED from [com.google.firebase:firebase-analytics-ktx:21.1.1] AndroidManifest.xml:7:5-15:19
MERGED from [com.google.firebase:firebase-analytics-ktx:21.1.1] AndroidManifest.xml:7:5-15:19
MERGED from [androidx.window:window:1.0.0-beta04] AndroidManifest.xml:24:5-31:19
MERGED from [androidx.window:window:1.0.0-beta04] AndroidManifest.xml:24:5-31:19
MERGED from [com.google.firebase:firebase-messaging:23.0.8] AndroidManifest.xml:31:5-60:19
MERGED from [com.google.firebase:firebase-messaging:23.0.8] AndroidManifest.xml:31:5-60:19
MERGED from [com.google.firebase:firebase-common-ktx:20.1.2] AndroidManifest.xml:11:5-19:19
MERGED from [com.google.firebase:firebase-common-ktx:20.1.2] AndroidManifest.xml:11:5-19:19
MERGED from [com.google.firebase:firebase-datatransport:18.1.6] AndroidManifest.xml:24:5-32:19
MERGED from [com.google.firebase:firebase-datatransport:18.1.6] AndroidManifest.xml:24:5-32:19
MERGED from [com.google.firebase:firebase-analytics:21.1.1] AndroidManifest.xml:7:5-20
MERGED from [com.google.firebase:firebase-analytics:21.1.1] AndroidManifest.xml:7:5-20
MERGED from [com.google.android.gms:play-services-measurement-api:21.1.1] AndroidManifest.xml:27:5-35:19
MERGED from [com.google.android.gms:play-services-measurement-api:21.1.1] AndroidManifest.xml:27:5-35:19
MERGED from [com.google.firebase:firebase-installations:17.0.3] AndroidManifest.xml:14:5-22:19
MERGED from [com.google.firebase:firebase-installations:17.0.3] AndroidManifest.xml:14:5-22:19
MERGED from [com.google.firebase:firebase-common:20.1.2] AndroidManifest.xml:25:5-38:19
MERGED from [com.google.firebase:firebase-common:20.1.2] AndroidManifest.xml:25:5-38:19
MERGED from [com.google.android.gms:play-services-base:18.0.1] AndroidManifest.xml:19:5-23:19
MERGED from [com.google.android.gms:play-services-base:18.0.1] AndroidManifest.xml:19:5-23:19
MERGED from [com.google.firebase:firebase-iid-interop:17.1.0] AndroidManifest.xml:7:5-8:19
MERGED from [com.google.firebase:firebase-iid-interop:17.1.0] AndroidManifest.xml:7:5-8:19
MERGED from [com.google.android.gms:play-services-tasks:18.0.1] AndroidManifest.xml:5:5-20
MERGED from [com.google.android.gms:play-services-tasks:18.0.1] AndroidManifest.xml:5:5-20
MERGED from [com.google.android.gms:play-services-measurement:21.1.1] AndroidManifest.xml:28:5-44:19
MERGED from [com.google.android.gms:play-services-measurement:21.1.1] AndroidManifest.xml:28:5-44:19
MERGED from [com.google.android.gms:play-services-measurement-sdk:21.1.1] AndroidManifest.xml:22:5-23:19
MERGED from [com.google.android.gms:play-services-measurement-sdk:21.1.1] AndroidManifest.xml:22:5-23:19
MERGED from [com.google.android.gms:play-services-measurement-impl:21.1.1] AndroidManifest.xml:29:5-30:19
MERGED from [com.google.android.gms:play-services-measurement-impl:21.1.1] AndroidManifest.xml:29:5-30:19
MERGED from [com.google.android.gms:play-services-stats:17.0.2] AndroidManifest.xml:7:5-20
MERGED from [com.google.android.gms:play-services-stats:17.0.2] AndroidManifest.xml:7:5-20
MERGED from [com.google.firebase:firebase-measurement-connector:19.0.0] AndroidManifest.xml:22:5-23:19
MERGED from [com.google.firebase:firebase-measurement-connector:19.0.0] AndroidManifest.xml:22:5-23:19
MERGED from [com.google.android.gms:play-services-ads-identifier:18.0.0] AndroidManifest.xml:25:5-20
MERGED from [com.google.android.gms:play-services-ads-identifier:18.0.0] AndroidManifest.xml:25:5-20
MERGED from [com.google.android.gms:play-services-measurement-base:21.1.1] AndroidManifest.xml:7:5-20
MERGED from [com.google.android.gms:play-services-measurement-base:21.1.1] AndroidManifest.xml:7:5-20
MERGED from [com.google.android.gms:play-services-basement:18.1.0] AndroidManifest.xml:20:5-24:19
MERGED from [com.google.android.gms:play-services-basement:18.1.0] AndroidManifest.xml:20:5-24:19
MERGED from [com.google.android.datatransport:transport-backend-cct:3.1.7] AndroidManifest.xml:28:5-36:19
MERGED from [com.google.android.datatransport:transport-backend-cct:3.1.7] AndroidManifest.xml:28:5-36:19
MERGED from [com.google.android.datatransport:transport-runtime:3.1.7] AndroidManifest.xml:25:5-39:19
MERGED from [com.google.android.datatransport:transport-runtime:3.1.7] AndroidManifest.xml:25:5-39:19
MERGED from [androidx.emoji2:emoji2:1.2.0] AndroidManifest.xml:23:5-33:19
MERGED from [androidx.emoji2:emoji2:1.2.0] AndroidManifest.xml:23:5-33:19
MERGED from [androidx.lifecycle:lifecycle-process:2.4.1] AndroidManifest.xml:25:5-35:19
MERGED from [androidx.lifecycle:lifecycle-process:2.4.1] AndroidManifest.xml:25:5-35:19
MERGED from [androidx.startup:startup-runtime:1.1.1] AndroidManifest.xml:25:5-31:19
MERGED from [androidx.startup:startup-runtime:1.1.1] AndroidManifest.xml:25:5-31:19
MERGED from [androidx.core:core:1.8.0] AndroidManifest.xml:24:5-89
MERGED from [androidx.core:core:1.8.0] AndroidManifest.xml:24:5-89
MERGED from [androidx.versionedparcelable:versionedparcelable:1.1.1] AndroidManifest.xml:24:5-25:19
MERGED from [androidx.versionedparcelable:versionedparcelable:1.1.1] AndroidManifest.xml:24:5-25:19
MERGED from [com.jakewharton.threetenabp:threetenabp:1.2.3] AndroidManifest.xml:7:5-20
MERGED from [com.jakewharton.threetenabp:threetenabp:1.2.3] AndroidManifest.xml:7:5-20
	android:requestLegacyExternalStorage
		ADDED from src\main\AndroidManifest.xml:15:9-52
	android:appComponentFactory
		ADDED from [androidx.core:core:1.8.0] AndroidManifest.xml:24:18-86
	android:label
		ADDED from src\main\AndroidManifest.xml:16:9-41
	android:icon
		ADDED from src\main\AndroidManifest.xml:14:9-43
activity#com.neharishaadi.wedding.MainActivity
ADDED from src\main\AndroidManifest.xml:17:9-49:20
	android:requestLegacyExternalStorage
		ADDED from src\main\AndroidManifest.xml:23:13-56
	android:launchMode
		ADDED from src\main\AndroidManifest.xml:21:13-43
	android:hardwareAccelerated
		ADDED from src\main\AndroidManifest.xml:20:13-47
	android:windowSoftInputMode
		ADDED from src\main\AndroidManifest.xml:26:13-55
	android:exported
		ADDED from src\main\AndroidManifest.xml:25:13-36
	android:configChanges
		ADDED from src\main\AndroidManifest.xml:19:13-163
	android:theme
		ADDED from src\main\AndroidManifest.xml:22:13-47
	android:usesCleartextTraffic
		ADDED from src\main\AndroidManifest.xml:24:13-48
	android:name
		ADDED from src\main\AndroidManifest.xml:18:13-41
meta-data#io.flutter.embedding.android.NormalTheme
ADDED from src\main\AndroidManifest.xml:31:13-33:57
	android:resource
		ADDED from src\main\AndroidManifest.xml:33:17-54
	android:name
		ADDED from src\main\AndroidManifest.xml:32:17-72
meta-data#io.flutter.embedding.android.SplashScreenDrawable
ADDED from src\main\AndroidManifest.xml:40:13-42:66
	android:resource
		ADDED from src\main\AndroidManifest.xml:42:17-63
	android:name
		ADDED from src\main\AndroidManifest.xml:41:17-81
intent-filter#action:name:android.intent.action.MAIN+category:name:android.intent.category.LAUNCHER
ADDED from src\main\AndroidManifest.xml:43:13-46:29
action#android.intent.action.MAIN
ADDED from src\main\AndroidManifest.xml:44:17-69
	android:name
		ADDED from src\main\AndroidManifest.xml:44:25-66
category#android.intent.category.LAUNCHER
ADDED from src\main\AndroidManifest.xml:45:17-77
	android:name
		ADDED from src\main\AndroidManifest.xml:45:27-74
activity#com.yalantis.ucrop.UCropActivity
ADDED from src\main\AndroidManifest.xml:51:9-54:72
	android:screenOrientation
		ADDED from src\main\AndroidManifest.xml:53:13-49
	android:theme
		ADDED from src\main\AndroidManifest.xml:54:13-69
	android:name
		ADDED from src\main\AndroidManifest.xml:52:13-60
meta-data#flutterEmbedding
ADDED from src\main\AndroidManifest.xml:57:9-59:33
	android:value
		ADDED from src\main\AndroidManifest.xml:59:13-30
	android:name
		ADDED from src\main\AndroidManifest.xml:58:13-44
uses-sdk
INJECTED from src\main\AndroidManifest.xml reason: use-sdk injection requested
INJECTED from src\main\AndroidManifest.xml
INJECTED from src\main\AndroidManifest.xml
MERGED from [:firebase_messaging] AndroidManifest.xml:5:5-44
MERGED from [:firebase_messaging] AndroidManifest.xml:5:5-44
MERGED from [:firebase_analytics] AndroidManifest.xml:5:5-44
MERGED from [:firebase_analytics] AndroidManifest.xml:5:5-44
MERGED from [:firebase_core] AndroidManifest.xml:5:5-44
MERGED from [:firebase_core] AndroidManifest.xml:5:5-44
MERGED from [:flutter_pdfview] AndroidManifest.xml:5:5-44
MERGED from [:flutter_pdfview] AndroidManifest.xml:5:5-44
MERGED from [:image_picker] AndroidManifest.xml:5:5-44
MERGED from [:image_picker] AndroidManifest.xml:5:5-44
MERGED from [:flutter_local_notifications] AndroidManifest.xml:5:5-44
MERGED from [:flutter_local_notifications] AndroidManifest.xml:5:5-44
MERGED from [:file_picker] AndroidManifest.xml:5:5-44
MERGED from [:file_picker] AndroidManifest.xml:5:5-44
MERGED from [:path_provider_android] AndroidManifest.xml:5:5-44
MERGED from [:path_provider_android] AndroidManifest.xml:5:5-44
MERGED from [:wakelock] AndroidManifest.xml:5:5-44
MERGED from [:wakelock] AndroidManifest.xml:5:5-44
MERGED from [:shared_preferences_android] AndroidManifest.xml:5:5-44
MERGED from [:shared_preferences_android] AndroidManifest.xml:5:5-44
MERGED from [:flutter_inappwebview] AndroidManifest.xml:5:5-44
MERGED from [:flutter_inappwebview] AndroidManifest.xml:5:5-44
MERGED from [:fluttertoast] AndroidManifest.xml:5:5-44
MERGED from [:fluttertoast] AndroidManifest.xml:5:5-44
MERGED from [:permission_handler] AndroidManifest.xml:5:5-44
MERGED from [:permission_handler] AndroidManifest.xml:5:5-44
MERGED from [:video_player_android] AndroidManifest.xml:5:5-44
MERGED from [:video_player_android] AndroidManifest.xml:5:5-44
MERGED from [:gallery_saver] AndroidManifest.xml:5:5-44
MERGED from [:gallery_saver] AndroidManifest.xml:5:5-44
MERGED from [:android_path_provider] AndroidManifest.xml:5:5-44
MERGED from [:android_path_provider] AndroidManifest.xml:5:5-44
MERGED from [:flutter_plugin_android_lifecycle] AndroidManifest.xml:5:5-44
MERGED from [:flutter_plugin_android_lifecycle] AndroidManifest.xml:5:5-44
MERGED from [:volume_watcher] AndroidManifest.xml:5:5-44
MERGED from [:volume_watcher] AndroidManifest.xml:5:5-44
MERGED from [:sqflite] AndroidManifest.xml:5:5-44
MERGED from [:sqflite] AndroidManifest.xml:5:5-44
MERGED from [:url_launcher_android] AndroidManifest.xml:5:5-44
MERGED from [:url_launcher_android] AndroidManifest.xml:5:5-44
MERGED from [:connectivity_plus] AndroidManifest.xml:5:5-44
MERGED from [:connectivity_plus] AndroidManifest.xml:5:5-44
MERGED from [:image_cropper] AndroidManifest.xml:5:5-44
MERGED from [:image_cropper] AndroidManifest.xml:5:5-44
MERGED from [:webview_flutter_android] AndroidManifest.xml:5:5-44
MERGED from [:webview_flutter_android] AndroidManifest.xml:5:5-44
MERGED from [:video_thumbnail] AndroidManifest.xml:5:5-44
MERGED from [:video_thumbnail] AndroidManifest.xml:5:5-44
MERGED from [com.google.firebase:firebase-analytics-ktx:21.1.1] AndroidManifest.xml:5:5-44
MERGED from [com.google.firebase:firebase-analytics-ktx:21.1.1] AndroidManifest.xml:5:5-44
MERGED from [androidx.window:window-java:1.0.0-beta04] AndroidManifest.xml:19:5-21:41
MERGED from [androidx.window:window-java:1.0.0-beta04] AndroidManifest.xml:19:5-21:41
MERGED from [androidx.window:window:1.0.0-beta04] AndroidManifest.xml:20:5-22:41
MERGED from [androidx.window:window:1.0.0-beta04] AndroidManifest.xml:20:5-22:41
MERGED from [com.github.yalantis:ucrop:2.2.7] AndroidManifest.xml:7:5-9:41
MERGED from [com.github.yalantis:ucrop:2.2.7] AndroidManifest.xml:7:5-9:41
MERGED from [androidx.appcompat:appcompat-resources:1.5.1] AndroidManifest.xml:20:5-44
MERGED from [androidx.appcompat:appcompat-resources:1.5.1] AndroidManifest.xml:20:5-44
MERGED from [androidx.appcompat:appcompat:1.5.1] AndroidManifest.xml:20:5-44
MERGED from [androidx.appcompat:appcompat:1.5.1] AndroidManifest.xml:20:5-44
MERGED from [com.github.mhiew:android-pdf-viewer:3.2.0-beta.1] AndroidManifest.xml:7:5-9:41
MERGED from [com.github.mhiew:android-pdf-viewer:3.2.0-beta.1] AndroidManifest.xml:7:5-9:41
MERGED from [com.github.barteksc:pdfium-android:1.9.0] AndroidManifest.xml:7:5-9:41
MERGED from [com.github.barteksc:pdfium-android:1.9.0] AndroidManifest.xml:7:5-9:41
MERGED from [androidx.legacy:legacy-support-v4:1.0.0] AndroidManifest.xml:20:5-44
MERGED from [androidx.legacy:legacy-support-v4:1.0.0] AndroidManifest.xml:20:5-44
MERGED from [com.google.firebase:firebase-messaging:23.0.8] AndroidManifest.xml:21:5-23:41
MERGED from [com.google.firebase:firebase-messaging:23.0.8] AndroidManifest.xml:21:5-23:41
MERGED from [com.google.firebase:firebase-common-ktx:20.1.2] AndroidManifest.xml:6:5-8:41
MERGED from [com.google.firebase:firebase-common-ktx:20.1.2] AndroidManifest.xml:6:5-8:41
MERGED from [com.google.firebase:firebase-datatransport:18.1.6] AndroidManifest.xml:19:5-21:41
MERGED from [com.google.firebase:firebase-datatransport:18.1.6] AndroidManifest.xml:19:5-21:41
MERGED from [com.google.firebase:firebase-analytics:21.1.1] AndroidManifest.xml:5:5-44
MERGED from [com.google.firebase:firebase-analytics:21.1.1] AndroidManifest.xml:5:5-44
MERGED from [com.google.android.gms:play-services-measurement-api:21.1.1] AndroidManifest.xml:20:5-44
MERGED from [com.google.android.gms:play-services-measurement-api:21.1.1] AndroidManifest.xml:20:5-44